[2021-08-02 01:47:56] New deadchest for [chokoVanill] in world at X:-717 Y:70 Z:908
[2021-08-02 01:48:28] Deadchest of [chokoVanill] was taken by [chokoVanill] in world
[2021-08-02 06:07:17] New deadchest for [jojojooooo] in world at X:-2315 Y:32 Z:-1739
[2021-08-02 06:07:17] Deadchest of [jojojooooo] was protected from explosion in world
[2021-08-02 06:08:34] Player [jojojooooo] died without inventory : No Deadchest generated
[2021-08-02 06:10:40] Deadchest of [jojojooooo] was taken by [jojojooooo] in world
[2021-08-02 06:25:27] New deadchest for [jojojooooo] in world at X:-2232 Y:22 Z:-1751
[2021-08-02 06:25:27] Deadchest of [jojojooooo] was protected from explosion in world
[2021-08-02 06:27:19] Deadchest of [jojojooooo] was taken by [jojojooooo] in world
[2021-08-02 06:32:12] New deadchest for [jojojooooo] in world at X:-2218 Y:25 Z:-1760
[2021-08-02 06:34:35] Deadchest of [jojojooooo] was taken by [jojojooooo] in world
[2021-08-02 07:31:52] Player [Tumbal Project] died without inventory : No Deadchest generated
[2021-08-02 07:40:37] New deadchest for [Virneva] in world at X:-221 Y:72 Z:241
[2021-08-02 07:42:36] New deadchest for [Tumbal Project] in world at X:-857 Y:62 Z:909
[2021-08-02 07:42:44] Deadchest of [Tumbal Project] was taken by [Tumbal Project] in world
[2021-08-02 07:43:00] New deadchest for [Virneva] in world at X:-208 Y:65 Z:309
[2021-08-02 07:44:24] New deadchest for [Tumbal Project] in world at X:-883 Y:63 Z:854
[2021-08-02 07:44:38] Deadchest of [Tumbal Project] was taken by [Tumbal Project] in world
[2021-08-02 07:44:56] Player [Tumbal Project] died without inventory : No Deadchest generated
[2021-08-02 08:51:50] Player [Tumbal Project] died without inventory : No Deadchest generated
[2021-08-02 08:59:35] Player [Tumbal Project] died without inventory : No Deadchest generated
[2021-08-02 09:44:25] Player [Zusagi] died without inventory : No Deadchest generated
[2021-08-02 10:39:15] New deadchest for [milkshakes09] in world at X:-2411 Y:12 Z:-1774
[2021-08-02 10:39:15] Deadchest of [milkshakes09] was protected from explosion in world
[2021-08-02 10:39:57] Deadchest of [milkshakes09] was taken by [milkshakes09] in world
[2021-08-02 10:44:51] New deadchest for [Zusagi] in world_nether at X:652 Y:76 Z:-1103
[2021-08-02 10:57:20] Deadchest of [Zusagi] was taken by [Zusagi] in world_nether
[2021-08-02 11:51:43] New deadchest for [Zusagi] in world_the_end at X:-28 Y:62 Z:-17
[2021-08-02 11:52:08] Deadchest of [Zusagi] was taken by [Zusagi] in world_the_end
[2021-08-02 11:56:46] New deadchest for [Zusagi] in world_the_end at X:7 Y:63 Z:2
[2021-08-02 11:56:59] Deadchest of [Zusagi] was taken by [Zusagi] in world_the_end
[2021-08-02 13:24:55] New deadchest for [jojojooooo] in world at X:-2324 Y:83 Z:-1719
[2021-08-02 13:24:55] Deadchest of [jojojooooo] was protected from explosion in world
[2021-08-02 13:26:34] Deadchest of [jojojooooo] was taken by [jojojooooo] in world
[2021-08-02 14:37:19] Player [Tumbal Project] died without inventory : No Deadchest generated
[2021-08-02 14:43:31] New deadchest for [Tumbal Project] in world at X:-807 Y:65 Z:920
[2021-08-02 14:43:46] Deadchest of [Tumbal Project] was taken by [Tumbal Project] in world
[2021-08-02 14:59:02] Player [Tumbal Project] died without inventory : No Deadchest generated
[2021-08-02 15:03:17] Player [Tumbal Project] died without inventory : No Deadchest generated
[2021-08-02 15:04:09] Player [Tumbal Project] died without inventory : No Deadchest generated
[2021-08-02 15:05:33] New deadchest for [Asep Penyu] in world_nether at X:-55 Y:52 Z:30
[2021-08-02 15:08:04] New deadchest for [Tumbal Project] in world at X:-851 Y:56 Z:899
[2021-08-02 15:08:31] Deadchest of [Tumbal Project] was taken by [Tumbal Project] in world
[2021-08-02 15:13:37] Deadchest of [Asep Penyu] was taken by [Asep Penyu] in world_nether
[2021-08-02 15:14:36] New deadchest for [Tumbal Project] in world_nether at X:-60 Y:52 Z:31
[2021-08-02 15:15:01] New deadchest for [Asep Penyu] in world_nether at X:-63 Y:51 Z:29
[2021-08-02 15:18:48] New deadchest for [Asep Penyu] in world_nether at X:-61 Y:39 Z:40
[2021-08-02 15:20:22] Deadchest of [Tumbal Project] was taken by [Tumbal Project] in world_nether
[2021-08-02 15:20:23] Deadchest of [Asep Penyu] was taken by [Asep Penyu] in world_nether
[2021-08-02 15:26:24] Player [Tumbal Project] died without inventory : No Deadchest generated
[2021-08-02 15:27:08] Player [Tumbal Project] died without inventory : No Deadchest generated
[2021-08-02 15:51:05] Player [Tumbal Project] died without inventory : No Deadchest generated
[2021-08-02 15:51:41] New deadchest for [Tumbal Project] in world at X:-837 Y:57 Z:943
[2021-08-02 15:51:41] Deadchest of [Tumbal Project] was protected from explosion in world
[2021-08-02 15:51:51] Deadchest of [Tumbal Project] was taken by [Tumbal Project] in world
[2021-08-02 15:54:56] Player [Tumbal Project] died without inventory : No Deadchest generated
[2021-08-02 15:55:17] New deadchest for [Tumbal Project] in world at X:-840 Y:48 Z:956
[2021-08-02 15:55:17] Deadchest of [Tumbal Project] was protected from explosion in world
[2021-08-02 15:55:57] Player [Tumbal Project] died without inventory : No Deadchest generated
[2021-08-02 15:56:27] Player [Tumbal Project] died without inventory : No Deadchest generated
[2021-08-02 15:57:19] New deadchest for [Tumbal Project] in world at X:-839 Y:47 Z:954
[2021-08-02 15:57:19] Deadchest of [Tumbal Project] was protected from explosion in world
[2021-08-02 15:57:19] Deadchest of [Tumbal Project] was protected from explosion in world
[2021-08-02 15:57:36] Player [Tumbal Project] died without inventory : No Deadchest generated
[2021-08-02 15:58:19] New deadchest for [Cupang5] in world at X:-2335 Y:63 Z:-1721
[2021-08-02 15:59:05] Deadchest of [Cupang5] was taken by [Cupang5] in world
[2021-08-02 15:59:56] New deadchest for [Blue2NetWork] in world at X:-871 Y:39 Z:955
[2021-08-02 16:00:26] New deadchest for [Tumbal Project] in world at X:-848 Y:56 Z:945
[2021-08-02 16:00:27] Deadchest of [Blue2NetWork] was taken by [Blue2NetWork] in world
[2021-08-02 16:00:50] New deadchest for [Blue2NetWork] in world at X:-866 Y:41 Z:954
[2021-08-02 16:00:50] Deadchest of [Blue2NetWork] was protected from explosion in world
[2021-08-02 16:01:18] Deadchest of [Blue2NetWork] was taken by [Blue2NetWork] in world
[2021-08-02 16:03:48] Deadchest of [Tumbal Project] was protected from explosion in world
[2021-08-02 16:04:01] New deadchest for [Asep Penyu] in world at X:-836 Y:47 Z:953
[2021-08-02 16:04:01] Deadchest of [Asep Penyu] was protected from explosion in world
[2021-08-02 16:04:32] Deadchest of [Asep Penyu] was taken by [Asep Penyu] in world
[2021-08-02 16:05:47] Deadchest of [Tumbal Project] was taken by [Tumbal Project] in world
[2021-08-02 16:05:57] Deadchest of [Tumbal Project] was taken by [Tumbal Project] in world
[2021-08-02 16:05:58] Deadchest of [Tumbal Project] was taken by [Tumbal Project] in world
[2021-08-02 16:07:12] New deadchest for [Tumbal Project] in world at X:-888 Y:38 Z:970
[2021-08-02 16:07:29] Player [Tumbal Project] died without inventory : No Deadchest generated
[2021-08-02 16:08:11] Player [Tumbal Project] died without inventory : No Deadchest generated
[2021-08-02 16:08:32] Player [Tumbal Project] died without inventory : No Deadchest generated
[2021-08-02 16:10:32] New deadchest for [Tumbal Project] in world at X:-2352 Y:63 Z:-1702
[2021-08-02 16:49:37] New deadchest for [Zwittt] in world at X:-2229 Y:11 Z:-1551
[2021-08-02 16:53:15] Player [Zwittt] died without inventory : No Deadchest generated
[2021-08-02 16:53:46] Deadchest of [Zwittt] was taken by [Zwittt] in world
[2021-08-02 16:56:18] New deadchest for [Yanto Kopling] in world at X:-2246 Y:22 Z:-1561
[2021-08-02 16:57:17] Deadchest of [Yanto Kopling] was taken by [Yanto Kopling] in world
[2021-08-02 19:16:17] New deadchest for [Zwittt] in world at X:-2307 Y:113 Z:-1653
[2021-08-02 19:16:17] Deadchest of [Zwittt] was protected from explosion in world
[2021-08-02 19:17:58] Deadchest of [Zwittt] was taken by [Zwittt] in world
[2021-08-02 19:35:20] New deadchest for [Zwittt] in world at X:-2290 Y:80 Z:-1718
[2021-08-02 19:37:37] Deadchest of [Zwittt] was taken by [Zwittt] in world
[2021-08-02 20:18:35] New deadchest for [Zwittt] in world at X:-2290 Y:11 Z:-1586
[2021-08-02 20:21:07] Deadchest of [Zwittt] was taken by [Zwittt] in world
[2021-08-02 20:43:09] New deadchest for [Zwittt] in world at X:-2538 Y:36 Z:-1602
[2021-08-02 20:43:09] Deadchest of [Zwittt] was protected from explosion in world
